\BOOKMARK [1][-]{section.1}{\376\377\000I\000n\000t\000r\000o\000d\000u\000c\000t\000i\000o\000n}{}% 1
\BOOKMARK [2][-]{subsection.1.1}{\376\377\000H\000y\000p\000o\000t\000h\000e\000s\000e\000s\000\040\000\046\000\040\000P\000r\000e\000d\000i\000c\000t\000i\000o\000n\000s}{section.1}% 2
\BOOKMARK [1][-]{section.2}{\376\377\000B\000a\000c\000k\000g\000r\000o\000u\000n\000d}{}% 3
\BOOKMARK [2][-]{subsection.2.1}{\376\377\000S\000e\000x\000i\000s\000m}{section.2}% 4
\BOOKMARK [2][-]{subsection.2.2}{\376\377\000G\000e\000n\000d\000e\000r\000\040\000i\000n\000\040\000t\000h\000e\000\040\000E\000n\000g\000l\000i\000s\000h\000\040\000L\000a\000n\000g\000u\000a\000g\000e}{section.2}% 5
\BOOKMARK [2][-]{subsection.2.3}{\376\377\000S\000u\000r\000p\000r\000i\000s\000a\000l\000\040\000T\000h\000e\000o\000r\000y\000\040\000a\000n\000d\000\040\000E\000x\000t\000r\000a\000s\000e\000n\000t\000e\000n\000t\000i\000a\000l\000\040\000C\000o\000n\000t\000e\000x\000t}{section.2}% 6
\BOOKMARK [2][-]{subsection.2.4}{\376\377\000G\000e\000n\000d\000e\000r\000\040\000a\000s\000\040\000a\000n\000\040\000O\000b\000j\000e\000c\000t\000\040\000o\000f\000\040\000P\000s\000y\000c\000h\000o\000l\000i\000n\000g\000u\000i\000s\000t\000i\000c\000\040\000A\000n\000a\000l\000y\000s\000i\000s}{section.2}% 7
\BOOKMARK [1][-]{section.3}{\376\377\000N\000o\000r\000m\000i\000n\000g\000\040\000S\000t\000u\000d\000y}{}% 8
\BOOKMARK [2][-]{subsection.3.1}{\376\377\000M\000e\000t\000h\000o\000d\000s}{section.3}% 9
\BOOKMARK [3][-]{subsubsection.3.1.1}{\376\377\000P\000a\000r\000t\000i\000c\000i\000p\000a\000n\000t\000s}{subsection.3.1}% 10
\BOOKMARK [3][-]{subsubsection.3.1.2}{\376\377\000M\000a\000t\000e\000r\000i\000a\000l\000s}{subsection.3.1}% 11
\BOOKMARK [3][-]{subsubsection.3.1.3}{\376\377\000P\000r\000o\000c\000e\000d\000u\000r\000e}{subsection.3.1}% 12
\BOOKMARK [2][-]{subsection.3.2}{\376\377\000R\000e\000s\000u\000l\000t\000s}{section.3}% 13
\BOOKMARK [1][-]{section.4}{\376\377\000E\000x\000p\000e\000r\000i\000m\000e\000n\000t\000\040\0001\000:\000\040\000P\000r\000o\000d\000u\000c\000t\000i\000o\000n}{}% 14
\BOOKMARK [2][-]{subsection.4.1}{\376\377\000M\000e\000t\000h\000o\000d\000s}{section.4}% 15
\BOOKMARK [3][-]{subsubsection.4.1.1}{\376\377\000P\000a\000r\000t\000i\000c\000i\000p\000a\000n\000t\000s}{subsection.4.1}% 16
\BOOKMARK [3][-]{subsubsection.4.1.2}{\376\377\000M\000a\000t\000e\000r\000i\000a\000l\000s}{subsection.4.1}% 17
\BOOKMARK [3][-]{subsubsection.4.1.3}{\376\377\000P\000r\000o\000c\000e\000d\000u\000r\000e}{subsection.4.1}% 18
\BOOKMARK [2][-]{subsection.4.2}{\376\377\000R\000e\000s\000u\000l\000t\000s}{section.4}% 19
\BOOKMARK [1][-]{section.5}{\376\377\000E\000x\000p\000e\000r\000i\000m\000e\000n\000t\000\040\0002}{}% 20
\BOOKMARK [2][-]{subsection.5.1}{\376\377\000M\000e\000t\000h\000o\000d\000s}{section.5}% 21
\BOOKMARK [3][-]{subsubsection.5.1.1}{\376\377\000P\000a\000r\000t\000i\000c\000i\000p\000a\000n\000t\000s}{subsection.5.1}% 22
\BOOKMARK [3][-]{subsubsection.5.1.2}{\376\377\000M\000a\000t\000e\000r\000i\000a\000l\000s}{subsection.5.1}% 23
\BOOKMARK [3][-]{subsubsection.5.1.3}{\376\377\000P\000r\000o\000c\000e\000d\000u\000r\000e}{subsection.5.1}% 24
\BOOKMARK [2][-]{subsection.5.2}{\376\377\000R\000e\000s\000u\000l\000t\000s}{section.5}% 25
\BOOKMARK [1][-]{section.6}{\376\377\000E\000x\000p\000e\000r\000i\000m\000e\000n\000t\000\040\0002\000.\0005}{}% 26
\BOOKMARK [2][-]{subsection.6.1}{\376\377\000M\000e\000t\000h\000o\000d\000s}{section.6}% 27
\BOOKMARK [3][-]{subsubsection.6.1.1}{\376\377\000P\000a\000r\000t\000i\000c\000i\000p\000a\000n\000t\000s}{subsection.6.1}% 28
\BOOKMARK [3][-]{subsubsection.6.1.2}{\376\377\000M\000a\000t\000e\000r\000i\000a\000l\000s}{subsection.6.1}% 29
\BOOKMARK [3][-]{subsubsection.6.1.3}{\376\377\000P\000r\000o\000c\000e\000d\000u\000r\000e}{subsection.6.1}% 30
\BOOKMARK [2][-]{subsection.6.2}{\376\377\000R\000e\000s\000u\000l\000t\000s}{section.6}% 31
\BOOKMARK [1][-]{section.7}{\376\377\000E\000x\000p\000e\000r\000i\000m\000e\000n\000t\000\040\0003}{}% 32
\BOOKMARK [2][-]{subsection.7.1}{\376\377\000M\000e\000t\000h\000o\000d\000s}{section.7}% 33
\BOOKMARK [3][-]{subsubsection.7.1.1}{\376\377\000P\000a\000r\000t\000i\000c\000i\000p\000a\000n\000t\000s}{subsection.7.1}% 34
\BOOKMARK [3][-]{subsubsection.7.1.2}{\376\377\000M\000a\000t\000e\000r\000i\000a\000l\000s}{subsection.7.1}% 35
\BOOKMARK [3][-]{subsubsection.7.1.3}{\376\377\000P\000r\000o\000c\000e\000d\000u\000r\000e}{subsection.7.1}% 36
\BOOKMARK [2][-]{subsection.7.2}{\376\377\000R\000e\000s\000u\000l\000t\000s}{section.7}% 37
\BOOKMARK [1][-]{section.8}{\376\377\000A\000n\000a\000l\000y\000s\000i\000s}{}% 38
\BOOKMARK [1][-]{section.9}{\376\377\000D\000i\000s\000c\000u\000s\000s\000i\000o\000n}{}% 39
\BOOKMARK [2][-]{subsection.9.1}{\376\377\000L\000i\000m\000i\000t\000a\000t\000i\000o\000n\000s}{section.9}% 40
\BOOKMARK [3][-]{subsubsection.9.1.1}{\376\377\000D\000e\000m\000o\000g\000r\000a\000p\000h\000i\000c\000\040\000L\000i\000m\000i\000t\000a\000t\000i\000o\000n\000s}{subsection.9.1}% 41
\BOOKMARK [3][-]{subsubsection.9.1.2}{\376\377\000S\000t\000i\000m\000u\000l\000i\000\040\000L\000i\000m\000i\000t\000a\000t\000i\000o\000n\000s}{subsection.9.1}% 42
\BOOKMARK [3][-]{subsubsection.9.1.3}{\376\377\000A\000n\000a\000l\000y\000s\000i\000s\000\040\000L\000i\000m\000i\000t\000a\000t\000i\000o\000n\000s}{subsection.9.1}% 43
\BOOKMARK [2][-]{subsection.9.2}{\376\377\000F\000u\000t\000u\000r\000e\000\040\000D\000i\000r\000e\000c\000t\000i\000o\000n\000s}{section.9}% 44
\BOOKMARK [1][-]{section.10}{\376\377\000C\000o\000n\000c\000l\000u\000s\000i\000o\000n}{}% 45
